[*] Fetching arguments

[*] Setting up the output folder

[*] Importing input data

[*] Running the sampler
Building...

Building: found in cache, done.Messages from stanc:
Warning in '/tmp/httpstan_cpvnkhz6/model_7emjtsti.stan', line 51, column 60: The
    variable integrand may not have been assigned a value before its use.
Sampling:   0%
Sampling:   0% (1/40000)
Sampling:   0% (2/40000)
Sampling:   0% (3/40000)
Sampling:   0% (4/40000)
Sampling:   0% (103/40000)
Sampling:   1% (202/40000)
Sampling:   1% (301/40000)
Sampling:   1% (400/40000)
Sampling:   2% (600/40000)
Sampling:   2% (700/40000)
Sampling:   2% (900/40000)
Sampling:   3% (1100/40000)
Sampling:   3% (1200/40000)
Sampling:   4% (1400/40000)
Sampling:   4% (1500/40000)
Sampling:   4% (1700/40000)
Sampling:   5% (2000/40000)
Sampling:   6% (2200/40000)
Sampling:   6% (2600/40000)
Sampling:   8% (3000/40000)
Sampling:   8% (3300/40000)
Sampling:   9% (3700/40000)
Sampling:  10% (4000/40000)
Sampling:  11% (4400/40000)
Sampling:  12% (4900/40000)
Sampling:  14% (5600/40000)
Sampling:  16% (6200/40000)
Sampling:  18% (7000/40000)
Sampling:  20% (7800/40000)
Sampling:  21% (8400/40000)
Sampling:  22% (9000/40000)
Sampling:  24% (9401/40000)
Sampling:  24% (9701/40000)
Sampling:  25% (10001/40000)
Sampling:  26% (10202/40000)
Sampling:  26% (10401/40000)
Sampling:  27% (10701/40000)
Sampling:  28% (11001/40000)
Sampling:  28% (11300/40000)
Sampling:  29% (11600/40000)
Sampling:  30% (11900/40000)
Sampling:  31% (12300/40000)
Sampling:  32% (12600/40000)
Sampling:  32% (12900/40000)
Sampling:  33% (13100/40000)
Sampling:  33% (13300/40000)
Sampling:  34% (13500/40000)
Sampling:  34% (13700/40000)
Sampling:  35% (14000/40000)
Sampling:  36% (14200/40000)
Sampling:  36% (14500/40000)
Sampling:  37% (14800/40000)
Sampling:  38% (15100/40000)
Sampling:  38% (15400/40000)
Sampling:  39% (15600/40000)
Sampling:  40% (15900/40000)
Sampling:  40% (16200/40000)
Sampling:  41% (16500/40000)
Sampling:  42% (16800/40000)
Sampling:  42% (17000/40000)
Sampling:  43% (17200/40000)
Sampling:  44% (17500/40000)
Sampling:  44% (17700/40000)
Sampling:  45% (18000/40000)
Sampling:  46% (18300/40000)
Sampling:  46% (18500/40000)
Sampling:  47% (18700/40000)
Sampling:  47% (18900/40000)
Sampling:  48% (19100/40000)
Sampling:  48% (19300/40000)
Sampling:  49% (19600/40000)
Sampling:  50% (19800/40000)
Sampling:  50% (20000/40000)
Sampling:  51% (20300/40000)
Sampling:  51% (20500/40000)
Sampling:  52% (20700/40000)
Sampling:  52% (21000/40000)
Sampling:  53% (21300/40000)
Sampling:  54% (21500/40000)
Sampling:  54% (21700/40000)
Sampling:  55% (21900/40000)
Sampling:  55% (22100/40000)
Sampling:  56% (22400/40000)
Sampling:  57% (22800/40000)
Sampling:  58% (23100/40000)
Sampling:  59% (23500/40000)
Sampling:  60% (23800/40000)
Sampling:  60% (24000/40000)
Sampling:  61% (24300/40000)
Sampling:  61% (24400/40000)
Sampling:  62% (24600/40000)
Sampling:  62% (24800/40000)
Sampling:  62% (25000/40000)
Sampling:  63% (25300/40000)
Sampling:  64% (25500/40000)
Sampling:  64% (25700/40000)
Sampling:  65% (25900/40000)
Sampling:  66% (26200/40000)
Sampling:  66% (26400/40000)
Sampling:  67% (26700/40000)
Sampling:  68% (27000/40000)
Sampling:  68% (27200/40000)
Sampling:  69% (27500/40000)
Sampling:  69% (27700/40000)
Sampling:  70% (27900/40000)
Sampling:  70% (28200/40000)
Sampling:  71% (28500/40000)
Sampling:  72% (28800/40000)
Sampling:  73% (29100/40000)
Sampling:  73% (29300/40000)
Sampling:  74% (29500/40000)
Sampling:  74% (29800/40000)
Sampling:  75% (30100/40000)
Sampling:  76% (30500/40000)
Sampling:  77% (30800/40000)
Sampling:  78% (31100/40000)
Sampling:  78% (31400/40000)
Sampling:  79% (31700/40000)
Sampling:  80% (31900/40000)
Sampling:  80% (32200/40000)
Sampling:  82% (32600/40000)
Sampling:  82% (33000/40000)
Sampling:  84% (33400/40000)
Sampling:  84% (33700/40000)
Sampling:  85% (33900/40000)
Sampling:  85% (34100/40000)
Sampling:  86% (34400/40000)
Sampling:  87% (34700/40000)
Sampling:  88% (35000/40000)
Sampling:  88% (35300/40000)
Sampling:  88% (35400/40000)
Sampling:  89% (35500/40000)
Sampling:  89% (35700/40000)
Sampling:  90% (36000/40000)
Sampling:  91% (36300/40000)
Sampling:  92% (36600/40000)
Sampling:  92% (36900/40000)
Sampling:  93% (37100/40000)
Sampling:  93% (37300/40000)
Sampling:  94% (37500/40000)
Sampling:  94% (37700/40000)
Sampling:  95% (37900/40000)
Sampling:  95% (38100/40000)
Sampling:  96% (38300/40000)
Sampling:  96% (38500/40000)
Sampling:  96% (38600/40000)
Sampling:  97% (38700/40000)
Sampling:  97% (38800/40000)
Sampling:  97% (38900/40000)
Sampling:  98% (39000/40000)
Sampling:  98% (39100/40000)
Sampling:  98% (39200/40000)
Sampling:  98% (39300/40000)
Sampling:  98% (39400/40000)
Sampling:  99% (39500/40000)
Sampling:  99% (39600/40000)
Sampling:  99% (39700/40000)
Sampling: 100% (39800/40000)
Sampling: 100% (39900/40000)
Sampling: 100% (40000/40000)
Sampling: 100% (40000/40000), done.
Messages received during sampling:
  Gradient evaluation took 0.001181 seconds
  1000 transitions using 10 leapfrog steps per transition would take 11.81 seconds.
  Adjust your expectations accordingly!
  Informational Message: The current Metropolis proposal is about to be rejected because of the following issue:
  Exception: normal_lpdf: Location parameter[1] is inf, but must be finite! (in '/tmp/httpstan_7l02mu3g/model_7emjtsti.stan', line 63, column 2 to column 42)
  If this warning occurs sporadically, such as for highly constrained variable types like covariance matrices, then the sampler is fine,
  but if this warning occurs often then your model may be either severely ill-conditioned or misspecified.
  Informational Message: The current Metropolis proposal is about to be rejected because of the following issue:
  Exception: normal_lpdf: Location parameter[1] is inf, but must be finite! (in '/tmp/httpstan_7l02mu3g/model_7emjtsti.stan', line 63, column 2 to column 42)
  If this warning occurs sporadically, such as for highly constrained variable types like covariance matrices, then the sampler is fine,
  but if this warning occurs often then your model may be either severely ill-conditioned or misspecified.
  Gradient evaluation took 0.001083 seconds
  1000 transitions using 10 leapfrog steps per transition would take 10.83 seconds.
  Adjust your expectations accordingly!
  Informational Message: The current Metropolis proposal is about to be rejected because of the following issue:
  Exception: normal_lpdf: Location parameter[1] is inf, but must be finite! (in '/tmp/httpstan_7l02mu3g/model_7emjtsti.stan', line 63, column 2 to column 42)
  If this warning occurs sporadically, such as for highly constrained variable types like covariance matrices, then the sampler is fine,
  but if this warning occurs often then your model may be either severely ill-conditioned or misspecified.
  Informational Message: The current Metropolis proposal is about to be rejected because of the following issue:
  Exception: normal_lpdf: Location parameter[1] is inf, but must be finite! (in '/tmp/httpstan_7l02mu3g/model_7emjtsti.stan', line 63, column 2 to column 42)
  If this warning occurs sporadically, such as for highly constrained variable types like covariance matrices, then the sampler is fine,
  but if this warning occurs often then your model may be either severely ill-conditioned or misspecified.
  Informational Message: The current Metropolis proposal is about to be rejected because of the following issue:
  Exception: normal_lpdf: Location parameter[1] is inf, but must be finite! (in '/tmp/httpstan_7l02mu3g/model_7emjtsti.stan', line 63, column 2 to column 42)
  If this warning occurs sporadically, such as for highly constrained variable types like covariance matrices, then the sampler is fine,
  but if this warning occurs often then your model may be either severely ill-conditioned or misspecified.
  Informational Message: The current Metropolis proposal is about to be rejected because of the following issue:
  Exception: normal_lpdf: Location parameter[1] is inf, but must be finite! (in '/tmp/httpstan_7l02mu3g/model_7emjtsti.stan', line 63, column 2 to column 42)
  If this warning occurs sporadically, such as for highly constrained variable types like covariance matrices, then the sampler is fine,
  but if this warning occurs often then your model may be either severely ill-conditioned or misspecified.
  Gradient evaluation took 0.001063 seconds
  1000 transitions using 10 leapfrog steps per transition would take 10.63 seconds.
  Adjust your expectations accordingly!
  Informational Message: The current Metropolis proposal is about to be rejected because of the following issue:
  Exception: normal_lpdf: Location parameter[1] is inf, but must be finite! (in '/tmp/httpstan_7l02mu3g/model_7emjtsti.stan', line 63, column 2 to column 42)
  If this warning occurs sporadically, such as for highly constrained variable types like covariance matrices, then the sampler is fine,
  but if this warning occurs often then your model may be either severely ill-conditioned or misspecified.
  Informational Message: The current Metropolis proposal is about to be rejected because of the following issue:
  Exception: normal_lpdf: Location parameter[1] is inf, but must be finite! (in '/tmp/httpstan_7l02mu3g/model_7emjtsti.stan', line 63, column 2 to column 42)
  If this warning occurs sporadically, such as for highly constrained variable types like covariance matrices, then the sampler is fine,
  but if this warning occurs often then your model may be either severely ill-conditioned or misspecified.
  Informational Message: The current Metropolis proposal is about to be rejected because of the following issue:
  Exception: normal_lpdf: Location parameter[1] is inf, but must be finite! (in '/tmp/httpstan_7l02mu3g/model_7emjtsti.stan', line 63, column 2 to column 42)
  If this warning occurs sporadically, such as for highly constrained variable types like covariance matrices, then the sampler is fine,
  but if this warning occurs often then your model may be either severely ill-conditioned or misspecified.
  Informational Message: The current Metropolis proposal is about to be rejected because of the following issue:
  Exception: normal_lpdf: Location parameter[1] is inf, but must be finite! (in '/tmp/httpstan_7l02mu3g/model_7emjtsti.stan', line 63, column 2 to column 42)
  If this warning occurs sporadically, such as for highly constrained variable types like covariance matrices, then the sampler is fine,
  but if this warning occurs often then your model may be either severely ill-conditioned or misspecified.
  Gradient evaluation took 0.001239 seconds
  1000 transitions using 10 leapfrog steps per transition would take 12.39 seconds.
  Adjust your expectations accordingly!
/home/joseferreira/.micromamba/envs/fotis-r/lib/python3.10/site-packages/arviz/stats/stats.py:1635: UserWarning: For one or more samples the posterior variance of the log predictive densities exceeds 0.4. This could be indication of WAIC starting to fail. 
See http://arxiv.org/abs/1507.04544 for details
  warnings.warn(
Removed no burn in

[*] Plotting corner plot and time series

[*] Saving the chain to output folder

[*] Saving other data to output folder
