[*] Fetching arguments

[*] Setting up the output folder

[*] Importing input data

[*] Running the sampler
Building...

Building: found in cache, done.Messages from stanc:
Warning in '/tmp/httpstan_cpvnkhz6/model_7emjtsti.stan', line 51, column 60: The
    variable integrand may not have been assigned a value before its use.
Sampling:   0%
Sampling:   0% (1/40000)
Sampling:   0% (2/40000)
Sampling:   0% (3/40000)
Sampling:   0% (4/40000)
Sampling:   0% (103/40000)
Sampling:   1% (202/40000)
Sampling:   1% (301/40000)
Sampling:   1% (400/40000)
Sampling:   1% (500/40000)
Sampling:   2% (600/40000)
Sampling:   2% (700/40000)
Sampling:   2% (800/40000)
Sampling:   2% (900/40000)
Sampling:   2% (1000/40000)
Sampling:   3% (1200/40000)
Sampling:   4% (1400/40000)
Sampling:   4% (1600/40000)
Sampling:   5% (1900/40000)
Sampling:   5% (2100/40000)
Sampling:   6% (2300/40000)
Sampling:   6% (2600/40000)
Sampling:   7% (2900/40000)
Sampling:   8% (3200/40000)
Sampling:   9% (3500/40000)
Sampling:   9% (3700/40000)
Sampling:  10% (3900/40000)
Sampling:  10% (4200/40000)
Sampling:  12% (4600/40000)
Sampling:  13% (5100/40000)
Sampling:  14% (5600/40000)
Sampling:  15% (6100/40000)
Sampling:  16% (6500/40000)
Sampling:  18% (7100/40000)
Sampling:  20% (7800/40000)
Sampling:  21% (8400/40000)
Sampling:  22% (9000/40000)
Sampling:  24% (9401/40000)
Sampling:  24% (9701/40000)
Sampling:  25% (9902/40000)
Sampling:  25% (10103/40000)
Sampling:  26% (10302/40000)
Sampling:  26% (10502/40000)
Sampling:  27% (10801/40000)
Sampling:  28% (11100/40000)
Sampling:  28% (11300/40000)
Sampling:  29% (11600/40000)
Sampling:  30% (11800/40000)
Sampling:  30% (12000/40000)
Sampling:  30% (12200/40000)
Sampling:  31% (12400/40000)
Sampling:  32% (12700/40000)
Sampling:  32% (12900/40000)
Sampling:  33% (13100/40000)
Sampling:  34% (13400/40000)
Sampling:  34% (13600/40000)
Sampling:  34% (13800/40000)
Sampling:  35% (14000/40000)
Sampling:  35% (14100/40000)
Sampling:  36% (14300/40000)
Sampling:  36% (14600/40000)
Sampling:  37% (14900/40000)
Sampling:  38% (15200/40000)
Sampling:  38% (15400/40000)
Sampling:  39% (15600/40000)
Sampling:  39% (15700/40000)
Sampling:  40% (16000/40000)
Sampling:  41% (16300/40000)
Sampling:  41% (16500/40000)
Sampling:  42% (16700/40000)
Sampling:  42% (16900/40000)
Sampling:  43% (17100/40000)
Sampling:  43% (17300/40000)
Sampling:  44% (17500/40000)
Sampling:  44% (17700/40000)
Sampling:  45% (17900/40000)
Sampling:  46% (18200/40000)
Sampling:  46% (18400/40000)
Sampling:  46% (18600/40000)
Sampling:  47% (18900/40000)
Sampling:  48% (19100/40000)
Sampling:  48% (19400/40000)
Sampling:  49% (19700/40000)
Sampling:  50% (19900/40000)
Sampling:  50% (20100/40000)
Sampling:  51% (20300/40000)
Sampling:  51% (20500/40000)
Sampling:  52% (20800/40000)
Sampling:  53% (21100/40000)
Sampling:  53% (21200/40000)
Sampling:  54% (21500/40000)
Sampling:  54% (21600/40000)
Sampling:  54% (21800/40000)
Sampling:  55% (22000/40000)
Sampling:  55% (22100/40000)
Sampling:  56% (22300/40000)
Sampling:  56% (22500/40000)
Sampling:  57% (22700/40000)
Sampling:  58% (23000/40000)
Sampling:  58% (23300/40000)
Sampling:  59% (23500/40000)
Sampling:  59% (23700/40000)
Sampling:  60% (23900/40000)
Sampling:  60% (24100/40000)
Sampling:  61% (24300/40000)
Sampling:  61% (24500/40000)
Sampling:  62% (24700/40000)
Sampling:  62% (24900/40000)
Sampling:  63% (25200/40000)
Sampling:  64% (25400/40000)
Sampling:  64% (25700/40000)
Sampling:  65% (25900/40000)
Sampling:  65% (26100/40000)
Sampling:  66% (26300/40000)
Sampling:  66% (26500/40000)
Sampling:  67% (26700/40000)
Sampling:  67% (26900/40000)
Sampling:  68% (27100/40000)
Sampling:  68% (27300/40000)
Sampling:  69% (27500/40000)
Sampling:  69% (27700/40000)
Sampling:  70% (27800/40000)
Sampling:  70% (28000/40000)
Sampling:  70% (28100/40000)
Sampling:  70% (28200/40000)
Sampling:  71% (28400/40000)
Sampling:  71% (28500/40000)
Sampling:  72% (28800/40000)
Sampling:  72% (29000/40000)
Sampling:  73% (29100/40000)
Sampling:  74% (29400/40000)
Sampling:  74% (29600/40000)
Sampling:  75% (29900/40000)
Sampling:  76% (30200/40000)
Sampling:  76% (30500/40000)
Sampling:  77% (30700/40000)
Sampling:  77% (30900/40000)
Sampling:  78% (31100/40000)
Sampling:  78% (31300/40000)
Sampling:  79% (31600/40000)
Sampling:  80% (31900/40000)
Sampling:  80% (32100/40000)
Sampling:  81% (32300/40000)
Sampling:  81% (32500/40000)
Sampling:  82% (32700/40000)
Sampling:  82% (32900/40000)
Sampling:  83% (33200/40000)
Sampling:  84% (33400/40000)
Sampling:  84% (33600/40000)
Sampling:  84% (33800/40000)
Sampling:  85% (34000/40000)
Sampling:  86% (34200/40000)
Sampling:  86% (34400/40000)
Sampling:  86% (34600/40000)
Sampling:  87% (34800/40000)
Sampling:  88% (35000/40000)
Sampling:  88% (35200/40000)
Sampling:  88% (35300/40000)
Sampling:  89% (35500/40000)
Sampling:  89% (35700/40000)
Sampling:  90% (35900/40000)
Sampling:  90% (36200/40000)
Sampling:  91% (36400/40000)
Sampling:  92% (36600/40000)
Sampling:  92% (36900/40000)
Sampling:  92% (37000/40000)
Sampling:  93% (37300/40000)
Sampling:  94% (37600/40000)
Sampling:  94% (37700/40000)
Sampling:  95% (37900/40000)
Sampling:  95% (38000/40000)
Sampling:  95% (38100/40000)
Sampling:  96% (38200/40000)
Sampling:  96% (38300/40000)
Sampling:  96% (38400/40000)
Sampling:  96% (38500/40000)
Sampling:  96% (38600/40000)
Sampling:  97% (38700/40000)
Sampling:  97% (38800/40000)
Sampling:  97% (38900/40000)
Sampling:  98% (39000/40000)
Sampling:  98% (39100/40000)
Sampling:  98% (39200/40000)
Sampling:  98% (39300/40000)
Sampling:  98% (39400/40000)
Sampling:  99% (39500/40000)
Sampling:  99% (39600/40000)
Sampling:  99% (39700/40000)
Sampling: 100% (39800/40000)
Sampling: 100% (39900/40000)
Sampling: 100% (40000/40000)
Sampling: 100% (40000/40000), done.
Messages received during sampling:
  Gradient evaluation took 0.001417 seconds
  1000 transitions using 10 leapfrog steps per transition would take 14.17 seconds.
  Adjust your expectations accordingly!
  Gradient evaluation took 0.001424 seconds
  1000 transitions using 10 leapfrog steps per transition would take 14.24 seconds.
  Adjust your expectations accordingly!
  Informational Message: The current Metropolis proposal is about to be rejected because of the following issue:
  Exception: normal_lpdf: Location parameter[1] is inf, but must be finite! (in '/tmp/httpstan_7l02mu3g/model_7emjtsti.stan', line 63, column 2 to column 42)
  If this warning occurs sporadically, such as for highly constrained variable types like covariance matrices, then the sampler is fine,
  but if this warning occurs often then your model may be either severely ill-conditioned or misspecified.
  Informational Message: The current Metropolis proposal is about to be rejected because of the following issue:
  Exception: normal_lpdf: Location parameter[1] is inf, but must be finite! (in '/tmp/httpstan_7l02mu3g/model_7emjtsti.stan', line 63, column 2 to column 42)
  If this warning occurs sporadically, such as for highly constrained variable types like covariance matrices, then the sampler is fine,
  but if this warning occurs often then your model may be either severely ill-conditioned or misspecified.
  Gradient evaluation took 0.001477 seconds
  1000 transitions using 10 leapfrog steps per transition would take 14.77 seconds.
  Adjust your expectations accordingly!
  Informational Message: The current Metropolis proposal is about to be rejected because of the following issue:
  Exception: normal_lpdf: Location parameter[1] is inf, but must be finite! (in '/tmp/httpstan_7l02mu3g/model_7emjtsti.stan', line 63, column 2 to column 42)
  If this warning occurs sporadically, such as for highly constrained variable types like covariance matrices, then the sampler is fine,
  but if this warning occurs often then your model may be either severely ill-conditioned or misspecified.
  Informational Message: The current Metropolis proposal is about to be rejected because of the following issue:
  Exception: normal_lpdf: Location parameter[1] is inf, but must be finite! (in '/tmp/httpstan_7l02mu3g/model_7emjtsti.stan', line 63, column 2 to column 42)
  If this warning occurs sporadically, such as for highly constrained variable types like covariance matrices, then the sampler is fine,
  but if this warning occurs often then your model may be either severely ill-conditioned or misspecified.
  Gradient evaluation took 0.00152 seconds
  1000 transitions using 10 leapfrog steps per transition would take 15.2 seconds.
  Adjust your expectations accordingly!
Removed no burn in

[*] Plotting corner plot and time series

[*] Saving the chain to output folder

[*] Saving other data to output folder
