[*] Fetching arguments

[*] Setting up the output folder

[*] Importing input data

[*] Running the sampler
Building...

Building: found in cache, done.Messages from stanc:
Warning in '/tmp/httpstan_ax5ozkq4/model_jpxf672h.stan', line 76, column 6: The
    variable residual may not have been assigned a value before its use.
Sampling:   0%
Sampling:   0% (1/40000)
Sampling:   0% (2/40000)
Sampling:   0% (3/40000)
Sampling:   0% (4/40000)
Sampling:   0% (103/40000)
Sampling:   1% (202/40000)
Sampling:   1% (301/40000)
Sampling:   1% (401/40000)
Sampling:   1% (501/40000)
Sampling:   2% (601/40000)
Sampling:   2% (701/40000)
Sampling:   2% (801/40000)
Sampling:   2% (901/40000)
Sampling:   3% (1001/40000)
Sampling:   3% (1101/40000)
Sampling:   3% (1201/40000)
Sampling:   3% (1301/40000)
Sampling:   4% (1401/40000)
Sampling:   4% (1501/40000)
Sampling:   4% (1601/40000)
Sampling:   4% (1701/40000)
Sampling:   5% (1801/40000)
Sampling:   5% (1901/40000)
Sampling:   5% (2001/40000)
Sampling:   5% (2101/40000)
Sampling:   6% (2201/40000)
Sampling:   6% (2301/40000)
Sampling:   6% (2401/40000)
Sampling:   6% (2501/40000)
Sampling:   7% (2601/40000)
Sampling:   7% (2701/40000)
Sampling:   7% (2801/40000)
Sampling:   7% (2901/40000)
Sampling:   8% (3001/40000)
Sampling:   8% (3101/40000)
Sampling:   8% (3201/40000)
Sampling:   8% (3301/40000)
Sampling:   9% (3401/40000)
Sampling:   9% (3501/40000)
Sampling:   9% (3601/40000)
Sampling:   9% (3701/40000)
Sampling:  10% (3801/40000)
Sampling:  10% (3901/40000)
Sampling:  10% (4001/40000)
Sampling:  10% (4101/40000)
Sampling:  11% (4201/40000)
Sampling:  11% (4301/40000)
Sampling:  11% (4401/40000)
Sampling:  11% (4501/40000)
Sampling:  12% (4601/40000)
Sampling:  12% (4701/40000)
Sampling:  12% (4801/40000)
Sampling:  12% (4901/40000)
Sampling:  13% (5001/40000)
Sampling:  13% (5101/40000)
Sampling:  13% (5201/40000)
Sampling:  13% (5301/40000)
Sampling:  14% (5401/40000)
Sampling:  14% (5501/40000)
Sampling:  14% (5601/40000)
Sampling:  14% (5701/40000)
Sampling:  15% (5801/40000)
Sampling:  15% (5901/40000)
Sampling:  15% (6001/40000)
Sampling:  15% (6101/40000)
Sampling:  16% (6201/40000)
Sampling:  16% (6301/40000)
Sampling:  16% (6401/40000)
Sampling:  16% (6501/40000)
Sampling:  17% (6601/40000)
Sampling:  17% (6701/40000)
Sampling:  17% (6801/40000)
Sampling:  17% (6901/40000)
Sampling:  18% (7001/40000)
Sampling:  18% (7101/40000)
Sampling:  18% (7201/40000)
Sampling:  18% (7202/40000)
Sampling:  18% (7302/40000)
Sampling:  19% (7403/40000)
Sampling:  19% (7503/40000)
Sampling:  19% (7602/40000)
Sampling:  19% (7603/40000)
Sampling:  19% (7702/40000)
Sampling:  20% (7802/40000)
Sampling:  20% (7901/40000)
Sampling:  20% (8001/40000)
Sampling:  20% (8101/40000)
Sampling:  21% (8201/40000)
Sampling:  21% (8301/40000)
Sampling:  21% (8401/40000)
Sampling:  21% (8501/40000)
Sampling:  22% (8601/40000)
Sampling:  22% (8701/40000)
Sampling:  22% (8801/40000)
Sampling:  22% (8901/40000)
Sampling:  23% (9001/40000)
Sampling:  23% (9101/40000)
Sampling:  23% (9201/40000)
Sampling:  23% (9301/40000)
Sampling:  24% (9401/40000)
Sampling:  24% (9501/40000)
Sampling:  24% (9601/40000)
Sampling:  24% (9701/40000)
Sampling:  25% (9801/40000)
Sampling:  25% (9901/40000)
Sampling:  25% (10001/40000)
Sampling:  25% (10101/40000)
Sampling:  26% (10201/40000)
Sampling:  26% (10301/40000)
Sampling:  26% (10401/40000)
Sampling:  26% (10501/40000)
Sampling:  27% (10601/40000)
Sampling:  27% (10701/40000)
Sampling:  27% (10801/40000)
Sampling:  27% (10901/40000)
Sampling:  28% (11001/40000)
Sampling:  28% (11101/40000)
Sampling:  28% (11201/40000)
Sampling:  28% (11301/40000)
Sampling:  29% (11401/40000)
Sampling:  29% (11501/40000)
Sampling:  29% (11601/40000)
Sampling:  29% (11701/40000)
Sampling:  30% (11801/40000)
Sampling:  30% (11901/40000)
Sampling:  30% (12001/40000)
Sampling:  30% (12101/40000)
Sampling:  31% (12201/40000)
Sampling:  31% (12301/40000)
Sampling:  31% (12401/40000)
Sampling:  31% (12501/40000)
Sampling:  32% (12601/40000)
Sampling:  32% (12701/40000)
Sampling:  32% (12801/40000)
Sampling:  32% (12901/40000)
Sampling:  33% (13001/40000)
Sampling:  33% (13101/40000)
Sampling:  33% (13201/40000)
Sampling:  33% (13301/40000)
Sampling:  34% (13401/40000)
Sampling:  34% (13501/40000)
Sampling:  34% (13601/40000)
Sampling:  34% (13701/40000)
Sampling:  35% (13801/40000)
Sampling:  35% (13901/40000)
Sampling:  35% (14001/40000)
Sampling:  35% (14101/40000)
Sampling:  36% (14201/40000)
Sampling:  36% (14301/40000)
Sampling:  36% (14401/40000)
Sampling:  36% (14501/40000)
Sampling:  37% (14601/40000)
Sampling:  37% (14701/40000)
Sampling:  37% (14801/40000)
Sampling:  37% (14901/40000)
Sampling:  38% (15001/40000)
Sampling:  38% (15101/40000)
Sampling:  38% (15201/40000)
Sampling:  38% (15301/40000)
Sampling:  39% (15401/40000)
Sampling:  39% (15501/40000)
Sampling:  39% (15601/40000)
Sampling:  39% (15701/40000)
Sampling:  40% (15801/40000)
Sampling:  40% (15901/40000)
Sampling:  40% (16001/40000)
Sampling:  40% (16101/40000)
Sampling:  41% (16201/40000)
Sampling:  41% (16301/40000)
Sampling:  41% (16401/40000)
Sampling:  41% (16501/40000)
Sampling:  42% (16601/40000)
Sampling:  42% (16701/40000)
Sampling:  42% (16801/40000)
Sampling:  42% (16901/40000)
Sampling:  43% (17001/40000)
Sampling:  43% (17101/40000)
Sampling:  43% (17201/40000)
Sampling:  43% (17301/40000)
Sampling:  44% (17401/40000)
Sampling:  44% (17501/40000)
Sampling:  44% (17601/40000)
Sampling:  44% (17701/40000)
Sampling:  45% (17801/40000)
Sampling:  45% (17901/40000)
Sampling:  45% (18001/40000)
Sampling:  45% (18101/40000)
Sampling:  46% (18201/40000)
Sampling:  46% (18301/40000)
Sampling:  46% (18401/40000)
Sampling:  46% (18501/40000)
Sampling:  47% (18601/40000)
Sampling:  47% (18701/40000)
Sampling:  47% (18801/40000)
Sampling:  47% (18901/40000)
Sampling:  48% (19001/40000)
Sampling:  48% (19101/40000)
Sampling:  48% (19201/40000)
Sampling:  48% (19301/40000)
Sampling:  49% (19401/40000)
Sampling:  49% (19501/40000)
Sampling:  49% (19601/40000)
Sampling:  49% (19701/40000)
Sampling:  50% (19801/40000)
Sampling:  50% (19901/40000)
Sampling:  50% (20001/40000)
Sampling:  50% (20101/40000)
Sampling:  51% (20201/40000)
Sampling:  51% (20301/40000)
Sampling:  51% (20401/40000)
Sampling:  51% (20501/40000)
Sampling:  52% (20601/40000)
Sampling:  52% (20701/40000)
Sampling:  52% (20801/40000)
Sampling:  52% (20901/40000)
Sampling:  53% (21001/40000)
Sampling:  53% (21101/40000)
Sampling:  53% (21201/40000)
Sampling:  53% (21301/40000)
Sampling:  54% (21401/40000)
Sampling:  54% (21501/40000)
Sampling:  54% (21601/40000)
Sampling:  54% (21701/40000)
Sampling:  55% (21801/40000)
Sampling:  55% (21901/40000)
Sampling:  55% (22001/40000)
Sampling:  55% (22101/40000)
Sampling:  56% (22201/40000)
Sampling:  56% (22301/40000)
Sampling:  56% (22401/40000)
Sampling:  56% (22501/40000)
Sampling:  57% (22601/40000)
Sampling:  57% (22701/40000)
Sampling:  57% (22801/40000)
Sampling:  57% (22901/40000)
Sampling:  58% (23001/40000)
Sampling:  58% (23101/40000)
Sampling:  58% (23201/40000)
Sampling:  58% (23301/40000)
Sampling:  59% (23401/40000)
Sampling:  59% (23501/40000)
Sampling:  59% (23601/40000)
Sampling:  59% (23701/40000)
Sampling:  60% (23801/40000)
Sampling:  60% (23901/40000)
Sampling:  60% (24001/40000)
Sampling:  60% (24101/40000)
Sampling:  61% (24201/40000)
Sampling:  61% (24301/40000)
Sampling:  61% (24401/40000)
Sampling:  61% (24501/40000)
Sampling:  62% (24601/40000)
Sampling:  62% (24701/40000)
Sampling:  62% (24801/40000)
Sampling:  62% (24901/40000)
Sampling:  63% (25001/40000)
Sampling:  63% (25101/40000)
Sampling:  63% (25201/40000)
Sampling:  63% (25301/40000)
Sampling:  64% (25401/40000)
Sampling:  64% (25501/40000)
Sampling:  64% (25601/40000)
Sampling:  64% (25701/40000)
Sampling:  65% (25801/40000)
Sampling:  65% (25901/40000)
Sampling:  65% (26001/40000)
Sampling:  65% (26101/40000)
Sampling:  66% (26201/40000)
Sampling:  66% (26301/40000)
Sampling:  66% (26401/40000)
Sampling:  66% (26501/40000)
Sampling:  67% (26601/40000)
Sampling:  67% (26701/40000)
Sampling:  67% (26801/40000)
Sampling:  67% (26901/40000)
Sampling:  68% (27001/40000)
Sampling:  68% (27101/40000)
Sampling:  68% (27201/40000)
Sampling:  68% (27301/40000)
Sampling:  69% (27401/40000)
Sampling:  69% (27501/40000)
Sampling:  69% (27601/40000)
Sampling:  69% (27701/40000)
Sampling:  70% (27801/40000)
Sampling:  70% (27901/40000)
Sampling:  70% (28001/40000)
Sampling:  70% (28101/40000)
Sampling:  71% (28201/40000)
Sampling:  71% (28300/40000)
Sampling:  71% (28400/40000)
Sampling:  71% (28500/40000)
Sampling:  72% (28600/40000)
Sampling:  72% (28700/40000)
Sampling:  72% (28800/40000)
Sampling:  72% (28900/40000)
Sampling:  72% (29000/40000)
Sampling:  73% (29100/40000)
Sampling:  73% (29200/40000)
Sampling:  73% (29300/40000)
Sampling:  74% (29400/40000)
Sampling:  74% (29500/40000)
Sampling:  74% (29600/40000)
Sampling:  74% (29700/40000)
Sampling:  74% (29800/40000)
Sampling:  75% (29900/40000)
Sampling:  75% (30000/40000)
Sampling:  75% (30100/40000)
Sampling:  76% (30200/40000)
Sampling:  76% (30300/40000)
Sampling:  76% (30400/40000)
Sampling:  76% (30500/40000)
Sampling:  76% (30600/40000)
Sampling:  77% (30700/40000)
Sampling:  77% (30800/40000)
Sampling:  77% (30900/40000)
Sampling:  78% (31000/40000)
Sampling:  78% (31100/40000)
Sampling:  78% (31200/40000)
Sampling:  78% (31300/40000)
Sampling:  78% (31400/40000)
Sampling:  79% (31500/40000)
Sampling:  79% (31600/40000)
Sampling:  79% (31700/40000)
Sampling:  80% (31800/40000)
Sampling:  80% (31900/40000)
Sampling:  80% (32000/40000)
Sampling:  80% (32100/40000)
Sampling:  80% (32200/40000)
Sampling:  81% (32300/40000)
Sampling:  81% (32400/40000)
Sampling:  81% (32501/40000)
Sampling:  82% (32600/40000)
Sampling:  82% (32700/40000)
Sampling:  82% (32800/40000)
Sampling:  82% (32900/40000)
Sampling:  82% (33000/40000)
Sampling:  83% (33100/40000)
Sampling:  83% (33200/40000)
Sampling:  83% (33300/40000)
Sampling:  84% (33400/40000)
Sampling:  84% (33500/40000)
Sampling:  84% (33600/40000)
Sampling:  84% (33700/40000)
Sampling:  84% (33800/40000)
Sampling:  85% (33900/40000)
Sampling:  85% (34000/40000)
Sampling:  85% (34100/40000)
Sampling:  86% (34200/40000)
Sampling:  86% (34300/40000)
Sampling:  86% (34400/40000)
Sampling:  86% (34500/40000)
Sampling:  86% (34600/40000)
Sampling:  87% (34700/40000)
Sampling:  87% (34800/40000)
Sampling:  87% (34900/40000)
Sampling:  88% (35000/40000)
Sampling:  88% (35100/40000)
Sampling:  88% (35200/40000)
Sampling:  88% (35300/40000)
Sampling:  88% (35400/40000)
Sampling:  89% (35500/40000)
Sampling:  89% (35600/40000)
Sampling:  89% (35700/40000)
Sampling:  90% (35800/40000)
Sampling:  90% (35900/40000)
Sampling:  90% (36000/40000)
Sampling:  90% (36100/40000)
Sampling:  90% (36200/40000)
Sampling:  91% (36300/40000)
Sampling:  91% (36400/40000)
Sampling:  91% (36500/40000)
Sampling:  92% (36600/40000)
Sampling:  92% (36700/40000)
Sampling:  92% (36800/40000)
Sampling:  92% (36900/40000)
Sampling:  92% (37000/40000)
Sampling:  93% (37100/40000)
Sampling:  93% (37200/40000)
Sampling:  93% (37300/40000)
Sampling:  94% (37400/40000)
Sampling:  94% (37500/40000)
Sampling:  94% (37600/40000)
Sampling:  94% (37700/40000)
Sampling:  94% (37800/40000)
Sampling:  95% (37900/40000)
Sampling:  95% (38000/40000)
Sampling:  95% (38100/40000)
Sampling:  96% (38200/40000)
Sampling:  96% (38300/40000)
Sampling:  96% (38400/40000)
Sampling:  96% (38500/40000)
Sampling:  96% (38600/40000)
Sampling:  97% (38700/40000)
Sampling:  97% (38800/40000)
Sampling:  97% (38900/40000)
Sampling:  98% (39000/40000)
Sampling:  98% (39100/40000)
Sampling:  98% (39200/40000)
Sampling:  98% (39300/40000)
Sampling:  98% (39400/40000)
Sampling:  99% (39500/40000)
Sampling:  99% (39600/40000)
Sampling:  99% (39700/40000)
Sampling: 100% (39800/40000)
Sampling: 100% (39900/40000)
Sampling: 100% (40000/40000)
Sampling: 100% (40000/40000), done.
Messages received during sampling:
  Gradient evaluation took 0.001866 seconds
  1000 transitions using 10 leapfrog steps per transition would take 18.66 seconds.
  Adjust your expectations accordingly!
  Informational Message: The current Metropolis proposal is about to be rejected because of the following issue:
  Exception: normal_lpdf: Location parameter[1] is -nan, but must be finite! (in '/tmp/httpstan_iqd8smfo/model_jpxf672h.stan', line 93, column 2 to column 43)
  If this warning occurs sporadically, such as for highly constrained variable types like covariance matrices, then the sampler is fine,
  but if this warning occurs often then your model may be either severely ill-conditioned or misspecified.
  Informational Message: The current Metropolis proposal is about to be rejected because of the following issue:
  Exception: normal_lpdf: Location parameter[1] is -nan, but must be finite! (in '/tmp/httpstan_iqd8smfo/model_jpxf672h.stan', line 93, column 2 to column 43)
  If this warning occurs sporadically, such as for highly constrained variable types like covariance matrices, then the sampler is fine,
  but if this warning occurs often then your model may be either severely ill-conditioned or misspecified.
  Informational Message: The current Metropolis proposal is about to be rejected because of the following issue:
  Exception: normal_lpdf: Location parameter[1] is -nan, but must be finite! (in '/tmp/httpstan_iqd8smfo/model_jpxf672h.stan', line 93, column 2 to column 43)
  If this warning occurs sporadically, such as for highly constrained variable types like covariance matrices, then the sampler is fine,
  but if this warning occurs often then your model may be either severely ill-conditioned or misspecified.
  Informational Message: The current Metropolis proposal is about to be rejected because of the following issue:
  Exception: normal_lpdf: Location parameter[2] is -nan, but must be finite! (in '/tmp/httpstan_iqd8smfo/model_jpxf672h.stan', line 93, column 2 to column 43)
  If this warning occurs sporadically, such as for highly constrained variable types like covariance matrices, then the sampler is fine,
  but if this warning occurs often then your model may be either severely ill-conditioned or misspecified.
  Informational Message: The current Metropolis proposal is about to be rejected because of the following issue:
  Exception: normal_lpdf: Location parameter[4] is -nan, but must be finite! (in '/tmp/httpstan_iqd8smfo/model_jpxf672h.stan', line 93, column 2 to column 43)
  If this warning occurs sporadically, such as for highly constrained variable types like covariance matrices, then the sampler is fine,
  but if this warning occurs often then your model may be either severely ill-conditioned or misspecified.
  Informational Message: The current Metropolis proposal is about to be rejected because of the following issue:
  Exception: normal_lpdf: Location parameter[26] is -nan, but must be finite! (in '/tmp/httpstan_iqd8smfo/model_jpxf672h.stan', line 93, column 2 to column 43)
  If this warning occurs sporadically, such as for highly constrained variable types like covariance matrices, then the sampler is fine,
  but if this warning occurs often then your model may be either severely ill-conditioned or misspecified.
  Informational Message: The current Metropolis proposal is about to be rejected because of the following issue:
  Exception: normal_lpdf: Location parameter[13] is -nan, but must be finite! (in '/tmp/httpstan_iqd8smfo/model_jpxf672h.stan', line 93, column 2 to column 43)
  If this warning occurs sporadically, such as for highly constrained variable types like covariance matrices, then the sampler is fine,
  but if this warning occurs often then your model may be either severely ill-conditioned or misspecified.
  Gradient evaluation took 0.002419 seconds
  1000 transitions using 10 leapfrog steps per transition would take 24.19 seconds.
  Adjust your expectations accordingly!
  Informational Message: The current Metropolis proposal is about to be rejected because of the following issue:
  Exception: normal_lpdf: Location parameter[1] is -nan, but must be finite! (in '/tmp/httpstan_iqd8smfo/model_jpxf672h.stan', line 93, column 2 to column 43)
  If this warning occurs sporadically, such as for highly constrained variable types like covariance matrices, then the sampler is fine,
  but if this warning occurs often then your model may be either severely ill-conditioned or misspecified.
  Informational Message: The current Metropolis proposal is about to be rejected because of the following issue:
  Exception: normal_lpdf: Location parameter[1] is -nan, but must be finite! (in '/tmp/httpstan_iqd8smfo/model_jpxf672h.stan', line 93, column 2 to column 43)
  If this warning occurs sporadically, such as for highly constrained variable types like covariance matrices, then the sampler is fine,
  but if this warning occurs often then your model may be either severely ill-conditioned or misspecified.
  Informational Message: The current Metropolis proposal is about to be rejected because of the following issue:
  Exception: normal_lpdf: Location parameter[13] is -nan, but must be finite! (in '/tmp/httpstan_iqd8smfo/model_jpxf672h.stan', line 93, column 2 to column 43)
  If this warning occurs sporadically, such as for highly constrained variable types like covariance matrices, then the sampler is fine,
  but if this warning occurs often then your model may be either severely ill-conditioned or misspecified.
  Informational Message: The current Metropolis proposal is about to be rejected because of the following issue:
  Exception: normal_lpdf: Location parameter[1] is -nan, but must be finite! (in '/tmp/httpstan_iqd8smfo/model_jpxf672h.stan', line 93, column 2 to column 43)
  If this warning occurs sporadically, such as for highly constrained variable types like covariance matrices, then the sampler is fine,
  but if this warning occurs often then your model may be either severely ill-conditioned or misspecified.
  Gradient evaluation took 0.002214 seconds
  1000 transitions using 10 leapfrog steps per transition would take 22.14 seconds.
  Adjust your expectations accordingly!
  Informational Message: The current Metropolis proposal is about to be rejected because of the following issue:
  Exception: normal_lpdf: Location parameter[9] is -nan, but must be finite! (in '/tmp/httpstan_iqd8smfo/model_jpxf672h.stan', line 93, column 2 to column 43)
  If this warning occurs sporadically, such as for highly constrained variable types like covariance matrices, then the sampler is fine,
  but if this warning occurs often then your model may be either severely ill-conditioned or misspecified.
  Informational Message: The current Metropolis proposal is about to be rejected because of the following issue:
  Exception: normal_lpdf: Location parameter[8] is -nan, but must be finite! (in '/tmp/httpstan_iqd8smfo/model_jpxf672h.stan', line 93, column 2 to column 43)
  If this warning occurs sporadically, such as for highly constrained variable types like covariance matrices, then the sampler is fine,
  but if this warning occurs often then your model may be either severely ill-conditioned or misspecified.
  Informational Message: The current Metropolis proposal is about to be rejected because of the following issue:
  Exception: normal_lpdf: Location parameter[1] is -nan, but must be finite! (in '/tmp/httpstan_iqd8smfo/model_jpxf672h.stan', line 93, column 2 to column 43)
  If this warning occurs sporadically, such as for highly constrained variable types like covariance matrices, then the sampler is fine,
  but if this warning occurs often then your model may be either severely ill-conditioned or misspecified.
  Informational Message: The current Metropolis proposal is about to be rejected because of the following issue:
  Exception: normal_lpdf: Location parameter[1] is -nan, but must be finite! (in '/tmp/httpstan_iqd8smfo/model_jpxf672h.stan', line 93, column 2 to column 43)
  If this warning occurs sporadically, such as for highly constrained variable types like covariance matrices, then the sampler is fine,
  but if this warning occurs often then your model may be either severely ill-conditioned or misspecified.
  Informational Message: The current Metropolis proposal is about to be rejected because of the following issue:
  Exception: normal_lpdf: Location parameter[4] is -nan, but must be finite! (in '/tmp/httpstan_iqd8smfo/model_jpxf672h.stan', line 93, column 2 to column 43)
  If this warning occurs sporadically, such as for highly constrained variable types like covariance matrices, then the sampler is fine,
  but if this warning occurs often then your model may be either severely ill-conditioned or misspecified.
  Informational Message: The current Metropolis proposal is about to be rejected because of the following issue:
  Exception: normal_lpdf: Location parameter[3] is -nan, but must be finite! (in '/tmp/httpstan_iqd8smfo/model_jpxf672h.stan', line 93, column 2 to column 43)
  If this warning occurs sporadically, such as for highly constrained variable types like covariance matrices, then the sampler is fine,
  but if this warning occurs often then your model may be either severely ill-conditioned or misspecified.
  Informational Message: The current Metropolis proposal is about to be rejected because of the following issue:
  Exception: normal_lpdf: Location parameter[1] is -nan, but must be finite! (in '/tmp/httpstan_iqd8smfo/model_jpxf672h.stan', line 93, column 2 to column 43)
  If this warning occurs sporadically, such as for highly constrained variable types like covariance matrices, then the sampler is fine,
  but if this warning occurs often then your model may be either severely ill-conditioned or misspecified.
  Informational Message: The current Metropolis proposal is about to be rejected because of the following issue:
  Exception: normal_lpdf: Location parameter[11] is -nan, but must be finite! (in '/tmp/httpstan_iqd8smfo/model_jpxf672h.stan', line 93, column 2 to column 43)
  If this warning occurs sporadically, such as for highly constrained variable types like covariance matrices, then the sampler is fine,
  but if this warning occurs often then your model may be either severely ill-conditioned or misspecified.
  Gradient evaluation took 0.002971 seconds
  1000 transitions using 10 leapfrog steps per transition would take 29.71 seconds.
  Adjust your expectations accordingly!
  Informational Message: The current Metropolis proposal is about to be rejected because of the following issue:
  Exception: dae: initial state derivative[1] is -nan, but must be finite! (in '/tmp/httpstan_iqd8smfo/model_jpxf672h.stan', line 76, column 2 to column 78)
  If this warning occurs sporadically, such as for highly constrained variable types like covariance matrices, then the sampler is fine,
  but if this warning occurs often then your model may be either severely ill-conditioned or misspecified.
  Informational Message: The current Metropolis proposal is about to be rejected because of the following issue:
  Exception: IDASolve(mem, ts[i], &t1, yy, yp, IDA_NORMAL) failed with error flag -1: 
The solver took mxstep internal steps but could not reach tout. (in '/tmp/httpstan_iqd8smfo/model_jpxf672h.stan', line 76, column 2 to column 78)
  If this warning occurs sporadically, such as for highly constrained variable types like covariance matrices, then the sampler is fine,
  but if this warning occurs often then your model may be either severely ill-conditioned or misspecified.
  Informational Message: The current Metropolis proposal is about to be rejected because of the following issue:
  Exception: normal_lpdf: Location parameter[2] is -nan, but must be finite! (in '/tmp/httpstan_iqd8smfo/model_jpxf672h.stan', line 93, column 2 to column 43)
  If this warning occurs sporadically, such as for highly constrained variable types like covariance matrices, then the sampler is fine,
  but if this warning occurs often then your model may be either severely ill-conditioned or misspecified.
  Informational Message: The current Metropolis proposal is about to be rejected because of the following issue:
  Exception: normal_lpdf: Location parameter[1] is -nan, but must be finite! (in '/tmp/httpstan_iqd8smfo/model_jpxf672h.stan', line 93, column 2 to column 43)
  If this warning occurs sporadically, such as for highly constrained variable types like covariance matrices, then the sampler is fine,
  but if this warning occurs often then your model may be either severely ill-conditioned or misspecified.
  Informational Message: The current Metropolis proposal is about to be rejected because of the following issue:
  Exception: normal_lpdf: Location parameter[11] is -nan, but must be finite! (in '/tmp/httpstan_iqd8smfo/model_jpxf672h.stan', line 93, column 2 to column 43)
  If this warning occurs sporadically, such as for highly constrained variable types like covariance matrices, then the sampler is fine,
  but if this warning occurs often then your model may be either severely ill-conditioned or misspecified.
  Informational Message: The current Metropolis proposal is about to be rejected because of the following issue:
  Exception: normal_lpdf: Location parameter[10] is -nan, but must be finite! (in '/tmp/httpstan_iqd8smfo/model_jpxf672h.stan', line 93, column 2 to column 43)
  If this warning occurs sporadically, such as for highly constrained variable types like covariance matrices, then the sampler is fine,
  but if this warning occurs often then your model may be either severely ill-conditioned or misspecified.
  Informational Message: The current Metropolis proposal is about to be rejected because of the following issue:
  Exception: normal_lpdf: Location parameter[1] is -nan, but must be finite! (in '/tmp/httpstan_iqd8smfo/model_jpxf672h.stan', line 93, column 2 to column 43)
  If this warning occurs sporadically, such as for highly constrained variable types like covariance matrices, then the sampler is fine,
  but if this warning occurs often then your model may be either severely ill-conditioned or misspecified.
  Informational Message: The current Metropolis proposal is about to be rejected because of the following issue:
  Exception: normal_lpdf: Location parameter[2] is -nan, but must be finite! (in '/tmp/httpstan_iqd8smfo/model_jpxf672h.stan', line 93, column 2 to column 43)
  If this warning occurs sporadically, such as for highly constrained variable types like covariance matrices, then the sampler is fine,
  but if this warning occurs often then your model may be either severely ill-conditioned or misspecified.
  Informational Message: The current Metropolis proposal is about to be rejected because of the following issue:
  Exception: normal_lpdf: Location parameter[11] is -nan, but must be finite! (in '/tmp/httpstan_iqd8smfo/model_jpxf672h.stan', line 93, column 2 to column 43)
  If this warning occurs sporadically, such as for highly constrained variable types like covariance matrices, then the sampler is fine,
  but if this warning occurs often then your model may be either severely ill-conditioned or misspecified.
  Informational Message: The current Metropolis proposal is about to be rejected because of the following issue:
  Exception: normal_lpdf: Location parameter[24] is -nan, but must be finite! (in '/tmp/httpstan_iqd8smfo/model_jpxf672h.stan', line 93, column 2 to column 43)
  If this warning occurs sporadically, such as for highly constrained variable types like covariance matrices, then the sampler is fine,
  but if this warning occurs often then your model may be either severely ill-conditioned or misspecified.
  Informational Message: The current Metropolis proposal is about to be rejected because of the following issue:
  Exception: normal_lpdf: Location parameter[11] is -nan, but must be finite! (in '/tmp/httpstan_iqd8smfo/model_jpxf672h.stan', line 93, column 2 to column 43)
  If this warning occurs sporadically, such as for highly constrained variable types like covariance matrices, then the sampler is fine,
  but if this warning occurs often then your model may be either severely ill-conditioned or misspecified.
  Informational Message: The current Metropolis proposal is about to be rejected because of the following issue:
  Exception: normal_lpdf: Location parameter[19] is -nan, but must be finite! (in '/tmp/httpstan_iqd8smfo/model_jpxf672h.stan', line 93, column 2 to column 43)
  If this warning occurs sporadically, such as for highly constrained variable types like covariance matrices, then the sampler is fine,
  but if this warning occurs often then your model may be either severely ill-conditioned or misspecified.
  Informational Message: The current Metropolis proposal is about to be rejected because of the following issue:
  Exception: normal_lpdf: Location parameter[21] is -nan, but must be finite! (in '/tmp/httpstan_iqd8smfo/model_jpxf672h.stan', line 93, column 2 to column 43)
  If this warning occurs sporadically, such as for highly constrained variable types like covariance matrices, then the sampler is fine,
  but if this warning occurs often then your model may be either severely ill-conditioned or misspecified.
  Informational Message: The current Metropolis proposal is about to be rejected because of the following issue:
  Exception: normal_lpdf: Location parameter[13] is -nan, but must be finite! (in '/tmp/httpstan_iqd8smfo/model_jpxf672h.stan', line 93, column 2 to column 43)
  If this warning occurs sporadically, such as for highly constrained variable types like covariance matrices, then the sampler is fine,
  but if this warning occurs often then your model may be either severely ill-conditioned or misspecified.
/home/joseferreira/.micromamba/envs/fotis-r/lib/python3.10/site-packages/arviz/stats/stats.py:1635: UserWarning: For one or more samples the posterior variance of the log predictive densities exceeds 0.4. This could be indication of WAIC starting to fail. 
See http://arxiv.org/abs/1507.04544 for details
  warnings.warn(
/home/joseferreira/.micromamba/envs/fotis-r/lib/python3.10/site-packages/arviz/stats/diagnostics.py:586: RuntimeWarning: invalid value encountered in double_scalars
  (between_chain_variance / within_chain_variance + num_samples - 1) / (num_samples)
Removed no burn in

[*] Plotting corner plot and time series

[*] Saving the chain to output folder

[*] Saving other data to output folder
